Vivado Simulator v2023.1
Copyright 1986-2022 Xilinx, Inc. All Rights Reserved.
Copyright 2022-2023 Advanced Micro Devices, Inc. All Rights Reserved.
Running: C:/Xilinx/Vivado/2023.1/bin/unwrapped/win64.o/xelab.exe --incr --debug typical --relax --mt 2 -L xil_defaultlib -L secureip --snapshot Calculator_TB_behav xil_defaultlib.Calculator_TB -log elaborate.log 
Using 2 slave threads.
Starting static elaboration
WARNING: [VRFC 10-4940] 'calc_datapath' remains a black box since it has no binding entity [C:/Users/tydav/gitLocals/ECE2700/Project_3 2700/Calc/Calc.srcs/sources_1/new/Calculator.vhd:81]
Completed static elaboration
Starting simulation data flow analysis
Completed simulation data flow analysis
Time Resolution for simulation is 1ps
Compiling package std.standard
Compiling package std.textio
Compiling package ieee.std_logic_1164
Compiling package ieee.numeric_std
Compiling architecture behavioral of entity xil_defaultlib.MEM_16x8 [mem_16x8_default]
Compiling architecture behavioral of entity xil_defaultlib.calc_controller_moore [calc_controller_moore_default]
Compiling architecture behavioral of entity xil_defaultlib.DFF [dff_default]
Compiling architecture behavioral of entity xil_defaultlib.debouncer [debouncer_default]
Compiling architecture behavioral of entity xil_defaultlib.Calculator [calculator_default]
Compiling architecture behavioral of entity xil_defaultlib.calculator_tb
Built simulation snapshot Calculator_TB_behav
